2022-02-04 12:40:21.346 [main] INFO  com.utilities.Utility - Flipkart is launched without issues
2022-02-04 12:40:21.832 [main] INFO  com.utilities.Utility - Flipkart homepage is launched without issues
2022-02-04 12:40:22.266 [main] INFO  com.utilities.Utility - Clicked on ViewAll button on the homepage
2022-02-04 12:40:22.908 [main] INFO  com.utilities.Utility - Product list page verified
2022-02-04 12:40:23.574 [main] INFO  com.utilities.Utility - Searched an item
2022-02-04 12:40:25.265 [main] INFO  com.utilities.Utility - Clicked on first item on the product listing page...
2022-02-04 12:40:28.520 [main] INFO  com.utilities.Utility - Caught an exception at returnElement() org.openqa.selenium.StaleElementReferenceException: stale element reference: element is not attached to the page document
  (Session info: chrome=97.0.4692.99)
For documentation on this error, please visit: https://selenium.dev/exceptions/#stale_element_reference
Build info: version: '4.0.0', revision: '3a21814679'
System info: host: 'LIN66007684', ip: '192.168.0.6', os.name: 'Windows 10', os.arch: 'amd64', os.version: '10.0', java.version: '17.0.1'
Driver info: org.openqa.selenium.chrome.ChromeDriver
Command: [ef0a22cea0821720f0693c28348ecbb9, isElementDisplayed {id=c94d8bbc-0c0e-4d0e-8d90-a236b1d280ee}]
Capabilities {acceptInsecureCerts: false, browserName: chrome, browserVersion: 97.0.4692.99, chrome: {chromedriverVersion: 97.0.4692.71 (adefa7837d02a..., userDataDir: C:\Users\thoudi\AppData\Loc...}, goog:chromeOptions: {debuggerAddress: localhost:65346}, javascriptEnabled: true, networkConnectionEnabled: false, pageLoadStrategy: normal, platform: WINDOWS, platformName: WINDOWS, proxy: Proxy(), se:cdp: ws://localhost:65346/devtoo..., se:cdpVersion: 97.0.4692.99, setWindowRect: true, strictFileInteractability: false, timeouts: {implicit: 0, pageLoad: 300000, script: 30000}, unhandledPromptBehavior: dismiss and notify, webauthn:extension:credBlob: true, webauthn:extension:largeBlob: true, webauthn:virtualAuthenticators: true}
Element: [[ChromeDriver: chrome on WINDOWS (ef0a22cea0821720f0693c28348ecbb9)] -> xpath: //button//text()[.='ADD TO CART']/..]
Session ID: ef0a22cea0821720f0693c28348ecbb9
2022-02-04 12:41:32.721 [main] INFO  com.utilities.Utility - Caught an exception at returnElement() org.openqa.selenium.TimeoutException: Expected condition failed: waiting for visibility of Proxy element for: DefaultElementLocator 'By.xpath: //span[.='Cart']/..//div' (tried for 30 second(s) with 500 milliseconds interval)
2022-02-04 12:41:38.573 [main] INFO  com.utilities.Utility - Flipkart is launched without issues
2022-02-04 12:41:38.893 [main] INFO  com.utilities.Utility - Flipkart homepage is launched without issues
2022-02-04 12:41:39.218 [main] INFO  com.utilities.Utility - Clicked on ViewAll button on the homepage
2022-02-04 12:41:39.316 [main] INFO  com.utilities.Utility - Product list page verified
2022-02-04 12:41:39.760 [main] INFO  com.utilities.Utility - Searched an item
2022-02-04 12:41:40.664 [main] INFO  com.utilities.Utility - Clicked on first item on the product listing page...
2022-02-04 12:41:43.116 [main] INFO  com.utilities.Utility - Caught an exception at returnElement() org.openqa.selenium.StaleElementReferenceException: stale element reference: element is not attached to the page document
  (Session info: chrome=97.0.4692.99)
For documentation on this error, please visit: https://selenium.dev/exceptions/#stale_element_reference
Build info: version: '4.0.0', revision: '3a21814679'
System info: host: 'LIN66007684', ip: '192.168.0.6', os.name: 'Windows 10', os.arch: 'amd64', os.version: '10.0', java.version: '17.0.1'
Driver info: org.openqa.selenium.chrome.ChromeDriver
Command: [82f2a5c9f2fa3f15b9f354419a7d44e5, isElementDisplayed {id=66825c39-9793-4ab0-8074-d838e2be191a}]
Capabilities {acceptInsecureCerts: false, browserName: chrome, browserVersion: 97.0.4692.99, chrome: {chromedriverVersion: 97.0.4692.71 (adefa7837d02a..., userDataDir: C:\Users\thoudi\AppData\Loc...}, goog:chromeOptions: {debuggerAddress: localhost:65460}, javascriptEnabled: true, networkConnectionEnabled: false, pageLoadStrategy: normal, platform: WINDOWS, platformName: WINDOWS, proxy: Proxy(), se:cdp: ws://localhost:65460/devtoo..., se:cdpVersion: 97.0.4692.99, setWindowRect: true, strictFileInteractability: false, timeouts: {implicit: 0, pageLoad: 300000, script: 30000}, unhandledPromptBehavior: dismiss and notify, webauthn:extension:credBlob: true, webauthn:extension:largeBlob: true, webauthn:virtualAuthenticators: true}
Element: [[ChromeDriver: chrome on WINDOWS (82f2a5c9f2fa3f15b9f354419a7d44e5)] -> xpath: //button//text()[.='ADD TO CART']/..]
Session ID: 82f2a5c9f2fa3f15b9f354419a7d44e5
2022-02-04 12:42:48.506 [main] INFO  com.utilities.Utility - Caught an exception at returnElement() org.openqa.selenium.TimeoutException: Expected condition failed: waiting for visibility of Proxy element for: DefaultElementLocator 'By.xpath: //span[.='Cart']/..//div' (tried for 30 second(s) with 500 milliseconds interval)
2022-02-04 12:43:48.622 [main] INFO  com.utilities.Utility - Caught an exception at returnElement() org.openqa.selenium.TimeoutException: Expected condition failed: waiting for visibility of Proxy element for: DefaultElementLocator 'By.xpath: //span[.='Cart']/..//div' (tried for 30 second(s) with 500 milliseconds interval)
2022-02-04 12:44:52.084 [main] INFO  com.utilities.Utility - Caught an exception at returnElement() org.openqa.selenium.TimeoutException: Expected condition failed: waiting for visibility of Proxy element for: DefaultElementLocator 'By.xpath: //span[.='Cart']/..//div' (tried for 30 second(s) with 500 milliseconds interval)
